mode: set
github.com/NCAR/AVAPS3/scratch/go-patterns/stoppable/stoppable.go:43.30,45.6 2 1
github.com/NCAR/AVAPS3/scratch/go-patterns/stoppable/stoppable.go:45.6,46.10 1 1
github.com/NCAR/AVAPS3/scratch/go-patterns/stoppable/stoppable.go:47.3,51.10 4 1
github.com/NCAR/AVAPS3/scratch/go-patterns/stoppable/stoppable.go:52.3,52.24 0 1
github.com/NCAR/AVAPS3/scratch/go-patterns/stoppable/stoppable.go:58.33,60.2 1 1
github.com/NCAR/AVAPS3/scratch/go-patterns/stoppable/stoppable.go:63.26,64.15 1 1
github.com/NCAR/AVAPS3/scratch/go-patterns/stoppable/stoppable.go:64.15,68.3 3 1
github.com/NCAR/AVAPS3/scratch/go-patterns/stoppable/stoppable.go:72.27,80.2 4 1
